<?xml version="1.0" encoding="UTF-8" ?>
<testsuite errors="0" failures="1" hostname="DMNLMPalo1" name="com.pcm.tests.ShoppingCartAddtoCartfoLowerPriceDisplay" skipped="0" tests="1" time="194.743" timestamp="2015-06-17T05:27:50">
  <properties>
[...]
</properties>
  <testcase classname="com.pcm.tests.ShoppingCartAddtoCartfoLowerPriceDisplay" name="ShoppingCart_AddtoCart_foLower_Price_Display" time="192.903">
    <failure message="[CART] Expected Strikethrough Price 49.95 is display." type="junit.framework.AssertionFailedError">junit.framework.AssertionFailedError: [CART] Expected Strikethrough Price 49.95 is display.
	at com.pcm.tests.ShoppingCartAddtoCartfoLowerPriceDisplay.ShoppingCart_AddtoCart_foLower_Price_Display(ShoppingCartAddtoCartfoLowerPriceDisplay.java:73)
</failure>
  </testcase>
  <system-out><![CDATA[http://www.pcm.com/ Initialized...
[TABLE CONTAINER] Getting the value of column sku: 13286866
[TABLE CONTAINER] Getting the value of column withSlashed: true
[TABLE CONTAINER] Getting the value of column withMIR: false
[TABLE CONTAINER] Getting the value of column priceStrike: 49.95
[TABLE CONTAINER] Getting the value of column unitPrice: 39.99
[TABLE CONTAINER] Getting the value of column FinalPrice: 39.99
[CLICK] xpath: //a[@href='/n/Shopping-Cart/msc-cart'] in PCM IT Solutions & Services
[VERIFY] //a[@id='removeAllCart'] is not found in Checkout: Shopping Cart
[VERIFY] //a[@class='move-all-to-cart'] is not found in Checkout: Shopping Cart
[CART] Adding sku via Quick Add...13286866
[INPUT] Enter a 13286866 for xpath://input[@id='cartSku'] in Checkout: Shopping Cart
[CLICK] xpath: //a[@id='btnCartSkuAdd'] in Request Timeout
[VERIFY] //p[@class='listPrice priceStrike' and contains(text(),'49.95')] is not found in Request Timeout
[SCREENSHOT] Storing screenshot at C:\wt\nikeStore/junit/screenshot//ShoppingCartAddtoCartfoLowerPriceDisplay\Last Page Test Result.png
]]></system-out>
  <system-err><![CDATA[log4j:WARN No appenders could be found for logger (org.apache.http.client.protocol.RequestAddCookies).
log4j:WARN Please initialize the log4j system properly.
log4j:WARN See http://logging.apache.org/log4j/1.2/faq.html#noconfig for more info.
]]></system-err>
</testsuite>
