<?xml version="1.0" encoding="UTF-8" ?>
<testsuite errors="0" failures="0" hostname="DMNLMPalo1" name="com.pcm.tests.HomepageAlive" skipped="0" tests="1" time="24.311" timestamp="2015-04-21T10:11:39">
  <properties>
[...]
</properties>
  <testcase classname="com.pcm.tests.HomepageAlive" name="openHomepage" time="0.182" />
  <system-out><![CDATA[[PCM] Verify Homepage...PASSED
]]></system-out>
  <system-err><![CDATA[log4j:WARN No appenders could be found for logger (org.apache.http.client.protocol.RequestAddCookies).
log4j:WARN Please initialize the log4j system properly.
log4j:WARN See http://logging.apache.org/log4j/1.2/faq.html#noconfig for more info.
]]></system-err>
</testsuite>
